make all --print-data-base --no-builtin-variables --no-builtin-rules --question
# GNU Make 3.81
# Copyright (C) 2006  Free Software Foundation, Inc.
# This is free software; see the source for copying conditions.
# There is NO warranty; not even for MERCHANTABILITY or FITNESS FOR A
# PARTICULAR PURPOSE.

# This program built for i386-apple-darwin11.3.0
 
make: *** No rule to make target `src/pipex.o', needed by `pipex'.  Stop.


# Make data base, printed on Sat Jul 16 16:14:47 2022

# Variables

# automatic
<D = $(patsubst %/,%,$(dir $<))
# automatic
?F = $(notdir $?)
# automatic
?D = $(patsubst %/,%,$(dir $?))
# automatic
@D = $(patsubst %/,%,$(dir $@))
# automatic
@F = $(notdir $@)
# makefile
CURDIR := /Users/Hendrik/Documents/Coding/42/42/pipex
# makefile
SHELL = /bin/sh
# makefile (from `Makefile', line 39)
RM = rm -f
# environment
VSCODE_NLS_CONFIG = {"locale":"en-gb","availableLanguages":{},"_languagePackSupport":true}
# environment
_ = /usr/bin/make
# makefile (from `Makefile', line 38)
CFLAGS = -Wall -Wextra -Werror 
# makefile (from `Makefile', line 1)
MAKEFILE_LIST :=  Makefile
# makefile (from `Makefile', line 13)
SRCS = src/pipex.c src/child.c src/ft_putchar_fd.c src/ft_putstr_fd.c src/ft_putendl_fd.c src/ft_strjoin.c src/ft_split.c src/ft_strncmp.c
# environment
__CFBundleIdentifier = com.microsoft.VSCode
# makefile (from `Makefile', line 33)
INCS = inc/pipex.h
# environment
VSCODE_CWD = /
# environment
PATH = /Users/Hendrik/.brew/bin:/usr/local/bin:/usr/bin:/bin:/usr/sbin:/sbin:/Library/Apple/usr/bin
# environment
LSCOLORS = Gxfxcxdxbxegedabagacad
# makefile (from `Makefile', line 36)
OBJS_B = $(SRCS_B:c=o)
# environment
ELECTRON_RUN_AS_NODE = 1
# default
.FEATURES := target-specific order-only second-expansion else-if archives jobserver check-symlink
# environment
SSH_AUTH_SOCK = /private/tmp/com.apple.launchd.Ny1eQWADV1/Listeners
# automatic
%F = $(notdir $%)
# environment
HOMEBREW_TEMP = /tmp/Hendrik/Homebrew/Temp
# makefile (from `Makefile', line 35)
OBJS = $(SRCS:c=o)
# makefile (from `Makefile', line 40)
PRINTF = printf/libftprintf.a
# environment
PWD = /Users/Hendrik/Documents/Coding/42/42/pipex
# environment
PKG_CONFIG_PATH = /Users/Hendrik/.brew/Cellar/readline/8.1.2/lib/pkgconfig
# environment
ORIGINAL_XDG_CURRENT_DESKTOP = undefined
# environment
VSCODE_AMD_ENTRYPOINT = vs/workbench/api/node/extensionHostProcess
# environment
HOME = /Users/Hendrik
# default
MAKEFILEPATH = $(shell /usr/bin/xcode-select -print-path 2>/dev/null || echo /Developer)/Makefiles
# environment
VSCODE_CODE_CACHE_PATH = /Users/Hendrik/Library/Application Support/Code/CachedData/b06ae3b2d2dbfe28bca3134cc6be65935cdfea6a
# environment
LOGNAME = Hendrik
# environment
APPLICATION_INSIGHTS_NO_DIAGNOSTIC_CHANNEL = 1
# environment
ZSH = /Users/Hendrik/.oh-my-zsh
# environment
VSCODE_HANDLES_UNCAUGHT_ERRORS = true
# automatic
^D = $(patsubst %/,%,$(dir $^))
# environment
XPC_FLAGS = 0x0
# default
MAKE = $(MAKE_COMMAND)
# default
MAKECMDGOALS := all
# makefile (from `Makefile', line 34)
INCS_B = inc/pipex_bonus.h
# environment
HOMEBREW_CACHE = /tmp/Hendrik/Homebrew/Caches
# environment
SHLVL = 1
# makefile (from `Makefile', line 37)
CC = gcc
# default
MAKE_VERSION := 3.81
# environment
USER = Hendrik
# makefile
.DEFAULT_GOAL := all
# makefile (from `Makefile', line 32)
NAME = pipex
# makefile (from `Makefile', line 41)
PRINTF_DIR = PRINTF
# environment
LESS = -R
# automatic
%D = $(patsubst %/,%,$(dir $%))
# default
MAKE_COMMAND := /Library/Developer/CommandLineTools/usr/bin/make
# default
.VARIABLES := 
# environment
TMPDIR = /var/folders/wd/gytlpshs0215ylstf49r3v7w0000gn/T/
# automatic
*F = $(notdir $*)
# environment
VSCODE_IPC_HOOK = /Users/Hendrik/Library/Application Support/Code/1.69.1-main.sock
# environment
MallocNanoZone = 0
# makefile
MAKEFLAGS = Rrqp
# environment
MFLAGS = -Rrqp
# automatic
*D = $(patsubst %/,%,$(dir $*))
# environment
XPC_SERVICE_NAME = application.com.microsoft.VSCode.53651959.53651965
# automatic
+D = $(patsubst %/,%,$(dir $+))
# automatic
+F = $(notdir $+)
# environment
__CF_USER_TEXT_ENCODING = 0x1F5:0x0:0x0
# environment
COMMAND_MODE = unix2003
# default
MAKEFILES := 
# automatic
<F = $(notdir $<)
# environment
PAGER = less
# environment
LC_ALL = C
# automatic
^F = $(notdir $^)
# default
SUFFIXES := 
# makefile (from `Makefile', line 22)
SRCS_B = bonus/pipex_bonus.c bonus/child_bonus.c bonus/ft_strjoin_bonus.c bonus/ft_split_bonus.c bonus/ft_strncmp_bonus.c bonus/get_next_line.c bonus/get_next_line_utils.c bonus/heredoc_bonus.c bonus/pipes_bonus.c
# default
.INCLUDE_DIRS = /usr/local/include
# environment
MAKELEVEL := 0
# environment
LANG = C
# environment
VSCODE_PID = 1895
# variable set hash-table stats:
# Load=77/1024=8%, Rehash=0, Collisions=13/112=12%

# Pattern-specific Variable Values

# No pattern-specific variable values.

# Directories

# . (device 16777221, inode 47388762): 10 files, no impossibilities.

# 10 files, no impossibilities in 1 directories.

# Implicit Rules

# No implicit rules.

# Files

# Not a target:
bonus/pipex_bonus.o:
#  Implicit rule search has not been done.
#  Modification time never checked.
#  File has not been updated.

# Not a target:
src/ft_putstr_fd.o:
#  Implicit rule search has not been done.
#  Modification time never checked.
#  File has not been updated.

all: pipex
#  Phony target (prerequisite of .PHONY).
#  Command-line target.
#  Implicit rule search has not been done.
#  File does not exist.
#  File has not been updated.
# variable set hash-table stats:
# Load=0/32=0%, Rehash=0, Collisions=0/0=0%

.PHONY: all clean fclean re debug
#  Implicit rule search has not been done.
#  Modification time never checked.
#  File has not been updated.

# Not a target:
src/ft_putchar_fd.o:
#  Implicit rule search has not been done.
#  Modification time never checked.
#  File has not been updated.

# Not a target:
bonus/ft_strjoin_bonus.o:
#  Implicit rule search has not been done.
#  Modification time never checked.
#  File has not been updated.

# Not a target:
bonus/ft_split_bonus.o:
#  Implicit rule search has not been done.
#  Modification time never checked.
#  File has not been updated.

printf/libftprintf.a:
#  Implicit rule search has not been done.
#  Modification time never checked.
#  File has not been updated.
#  commands to execute (from `Makefile', line 54):
	make -C $(PRINTF_DIR) --silent
	

# Not a target:
src/child.o:
#  Implicit rule search has not been done.
#  Modification time never checked.
#  File has not been updated.

# Not a target:
.SUFFIXES:
#  Implicit rule search has not been done.
#  Modification time never checked.
#  File has not been updated.

# Not a target:
src/ft_putendl_fd.o:
#  Implicit rule search has not been done.
#  Modification time never checked.
#  File has not been updated.

# Not a target:
Makefile:
#  Implicit rule search has been done.
#  Last modified 2022-03-25 16:20:09
#  File has been updated.
#  Successfully updated.
# variable set hash-table stats:
# Load=0/32=0%, Rehash=0, Collisions=0/0=0%

debug: printf/libftprintf.a
#  Phony target (prerequisite of .PHONY).
#  Implicit rule search has not been done.
#  File does not exist.
#  File has not been updated.
#  commands to execute (from `Makefile', line 60):
	$(CC) -g $(CFLAGS) -I$(INCS) $(PRINTF) $(SRCS) -o $(NAME)
	

# Not a target:
src/pipex.o:
#  Implicit rule search has been done.
#  File does not exist.
#  File has not been updated.
# variable set hash-table stats:
# Load=0/32=0%, Rehash=0, Collisions=0/0=0%

bonus: bonus/pipex_bonus.o bonus/child_bonus.o bonus/ft_strjoin_bonus.o bonus/ft_split_bonus.o bonus/ft_strncmp_bonus.o bonus/get_next_line.o bonus/get_next_line_utils.o bonus/heredoc_bonus.o bonus/pipes_bonus.o printf/libftprintf.a
#  Implicit rule search has not been done.
#  Modification time never checked.
#  File has not been updated.
#  commands to execute (from `Makefile', line 57):
	$(CC) $(CFLAGS) -I$(INCS_B) -o $(NAME) $(OBJS_B) $(PRINTF)
	

.c.o:
#  Implicit rule search has not been done.
#  Modification time never checked.
#  File has not been updated.
#  commands to execute (from `Makefile', line 48):
	$(CC) $(CFLAGS) -I$(INCS) -c $< -o ${<:.c=.o}
	

# Not a target:
src/ft_strjoin.o:
#  Implicit rule search has not been done.
#  Modification time never checked.
#  File has not been updated.

# Not a target:
src/ft_split.o:
#  Implicit rule search has not been done.
#  Modification time never checked.
#  File has not been updated.

fclean: clean
#  Phony target (prerequisite of .PHONY).
#  Implicit rule search has not been done.
#  File does not exist.
 
#  File has not been updated.
#  commands to execute (from `Makefile', line 73):
	$(RM) $(NAME)
	$(RM) -R pipex.dSYM
	make -s fclean -C $(PRINTF_DIR)
	

# Not a target:
bonus/heredoc_bonus.o:
#  Implicit rule search has not been done.
#  Modification time never checked.
#  File has not been updated.

# Not a target:
.DEFAULT:
#  Implicit rule search has not been done.
#  Modification time never checked.
#  File has not been updated.

# Not a target:
bonus/pipes_bonus.o:
#  Implicit rule search has not been done.
#  Modification time never checked.
#  File has not been updated.

re: fclean all
#  Phony target (prerequisite of .PHONY).
#  Implicit rule search has not been done.
#  File does not exist.
#  File has not been updated.

# Not a target:
bonus/ft_strncmp_bonus.o:
#  Implicit rule search has not been done.
#  Modification time never checked.
#  File has not been updated.

clean:
#  Phony target (prerequisite of .PHONY).
#  Implicit rule search has not been done.
#  File does not exist.
#  File has not been updated.
#  commands to execute (from `Makefile', line 69):
	$(RM) $(OBJS) $(OBJS_B)
	make -s clean -C $(PRINTF_DIR)
	

# Not a target:
bonus/get_next_line_utils.o:
#  Implicit rule search has not been done.
#  Modification time never checked.
#  File has not been updated.

b_debug: printf/libftprintf.a
#  Implicit rule search has not been done.
#  Modification time never checked.
#  File has not been updated.
#  commands to execute (from `Makefile', line 63):
	$(CC) -g $(CFLAGS) -I$(INCS_B) $(PRINTF) $(SRCS_B) -o $(NAME)
	

# Not a target:
bonus/get_next_line.o:
#  Implicit rule search has not been done.
#  Modification time never checked.
#  File has not been updated.

# Not a target:
src/ft_strncmp.o:
#  Implicit rule search has not been done.
#  Modification time never checked.
#  File has not been updated.

valgrind:
#  Implicit rule search has not been done.
#  Modification time never checked.
#  File has not been updated.
#  commands to execute (from `Makefile', line 66):
	valgrind --leak-check=full --show-leak-kinds=all --track-origins=yes --track-fds=yes ./$(NAME) infile "cat" "grep 12" "bc" outfile
	

pipex: src/pipex.o src/child.o src/ft_putchar_fd.o src/ft_putstr_fd.o src/ft_putendl_fd.o src/ft_strjoin.o src/ft_split.o src/ft_strncmp.o printf/libftprintf.a
#  Implicit rule search has not been done.
#  File does not exist.
#  File has not been updated.
# variable set hash-table stats:
# Load=0/32=0%, Rehash=0, Collisions=0/0=0%
#  commands to execute (from `Makefile', line 51):
	$(CC) $(CFLAGS) -I$(INCS) -o $(NAME) $(OBJS) $(PRINTF)
	

# Not a target:
bonus/child_bonus.o:
#  Implicit rule search has not been done.
#  Modification time never checked.
#  File has not been updated.

# files hash-table stats:
# Load=32/1024=3%, Rehash=0, Collisions=2/75=3%
# VPATH Search Paths

# No `vpath' search paths.

# No general (`VPATH' variable) search path.

# # of strings in strcache: 1
# # of strcache buffers: 1
# strcache size: total = 4096 / max = 4096 / min = 4096 / avg = 4096
# strcache free: total = 4087 / max = 4087 / min = 4087 / avg = 4087

# Finished Make data base on Sat Jul 16 16:14:47 2022

 
